  stdafx.cpp
  dllmain.cpp
  Block_Menu.cpp
  MenuWindow.cpp
g:\code libraries\my libraries\solutions\block_menu\include\windows\menuwindow.cpp(3): error C2653: 'MenuWindow': is not a class or namespace name
g:\code libraries\my libraries\solutions\block_menu\include\windows\menuwindow.cpp(3): error C2065: 'ShaderProgram': undeclared identifier
g:\code libraries\my libraries\solutions\block_menu\include\windows\menuwindow.cpp(3): error C2065: 'shader': undeclared identifier
g:\code libraries\my libraries\solutions\block_menu\include\windows\menuwindow.cpp(3): error C2065: 'Mesh': undeclared identifier
g:\code libraries\my libraries\solutions\block_menu\include\windows\menuwindow.cpp(3): error C2065: 'mesh': undeclared identifier
g:\code libraries\my libraries\solutions\block_menu\include\windows\menuwindow.cpp(3): error C2062: type 'int' unexpected
g:\code libraries\my libraries\solutions\block_menu\include\windows\menuwindow.cpp(4): error C2143: syntax error: missing ';' before '{'
g:\code libraries\my libraries\solutions\block_menu\include\windows\menuwindow.cpp(4): error C2447: '{': missing function header (old-style formal list?)
g:\code libraries\my libraries\solutions\block_menu\include\windows\menuwindow.cpp(26): error C2653: 'MenuWindow': is not a class or namespace name
g:\code libraries\my libraries\solutions\block_menu\include\windows\menuwindow.cpp(27): error C4430: missing type specifier - int assumed. Note: C++ does not support default-int
g:\code libraries\my libraries\solutions\block_menu\include\windows\menuwindow.cpp(28): error C2065: 'm_Items': undeclared identifier
g:\code libraries\my libraries\solutions\block_menu\include\windows\menuwindow.cpp(28): error C2228: left of '.Size' must have class/struct/union
  g:\code libraries\my libraries\solutions\block_menu\include\windows\menuwindow.cpp(28): note: type is 'unknown-type'
g:\code libraries\my libraries\solutions\block_menu\include\windows\menuwindow.cpp(30): error C2065: 'm_Items': undeclared identifier
g:\code libraries\my libraries\solutions\block_menu\include\windows\menuwindow.cpp(30): error C2228: left of '.At' must have class/struct/union
  g:\code libraries\my libraries\solutions\block_menu\include\windows\menuwindow.cpp(30): note: type is 'unknown-type'
g:\code libraries\my libraries\solutions\block_menu\include\windows\menuwindow.cpp(32): error C2065: 'm_Items': undeclared identifier
g:\code libraries\my libraries\solutions\block_menu\include\windows\menuwindow.cpp(32): error C2228: left of '.Clear' must have class/struct/union
  g:\code libraries\my libraries\solutions\block_menu\include\windows\menuwindow.cpp(32): note: type is 'unknown-type'
g:\code libraries\my libraries\solutions\block_menu\include\windows\menuwindow.cpp(33): warning C4508: 'MenuWindow': function should return a value; 'void' return type assumed
g:\code libraries\my libraries\solutions\block_menu\include\windows\menuwindow.cpp(35): error C2653: 'MenuWindow': is not a class or namespace name
g:\code libraries\my libraries\solutions\block_menu\include\windows\menuwindow.cpp(38): error C2065: 'm_Items': undeclared identifier
g:\code libraries\my libraries\solutions\block_menu\include\windows\menuwindow.cpp(38): error C2228: left of '.Size' must have class/struct/union
  g:\code libraries\my libraries\solutions\block_menu\include\windows\menuwindow.cpp(38): note: type is 'unknown-type'
g:\code libraries\my libraries\solutions\block_menu\include\windows\menuwindow.cpp(40): error C2065: 'm_Items': undeclared identifier
g:\code libraries\my libraries\solutions\block_menu\include\windows\menuwindow.cpp(40): error C2228: left of '.At' must have class/struct/union
  g:\code libraries\my libraries\solutions\block_menu\include\windows\menuwindow.cpp(40): note: type is 'unknown-type'
g:\code libraries\my libraries\solutions\block_menu\include\windows\menuwindow.cpp(40): error C2227: left of '->SetParentWindow' must point to class/struct/union/generic type
g:\code libraries\my libraries\solutions\block_menu\include\windows\menuwindow.cpp(40): error C2355: 'this': can only be referenced inside non-static member functions or non-static data member initializers
g:\code libraries\my libraries\solutions\block_menu\include\windows\menuwindow.cpp(44): error C2653: 'MenuWindow': is not a class or namespace name
g:\code libraries\my libraries\solutions\block_menu\include\windows\menuwindow.cpp(44): error C2653: 'glm': is not a class or namespace name
g:\code libraries\my libraries\solutions\block_menu\include\windows\menuwindow.cpp(44): error C2065: 'vec2': undeclared identifier
g:\code libraries\my libraries\solutions\block_menu\include\windows\menuwindow.cpp(44): error C2146: syntax error: missing ')' before identifier 'mousePos'
g:\code libraries\my libraries\solutions\block_menu\include\windows\menuwindow.cpp(45): error C2143: syntax error: missing ';' before '{'
g:\code libraries\my libraries\solutions\block_menu\include\windows\menuwindow.cpp(45): error C2447: '{': missing function header (old-style formal list?)
g:\code libraries\my libraries\solutions\block_menu\include\windows\menuwindow.cpp(70): error C2653: 'MenuWindow': is not a class or namespace name
g:\code libraries\my libraries\solutions\block_menu\include\windows\menuwindow.cpp(72): error C2065: 'm_Items': undeclared identifier
g:\code libraries\my libraries\solutions\block_menu\include\windows\menuwindow.cpp(72): error C2228: left of '.Size' must have class/struct/union
  g:\code libraries\my libraries\solutions\block_menu\include\windows\menuwindow.cpp(72): note: type is 'unknown-type'
g:\code libraries\my libraries\solutions\block_menu\include\windows\menuwindow.cpp(74): error C2065: 'm_Items': undeclared identifier
g:\code libraries\my libraries\solutions\block_menu\include\windows\menuwindow.cpp(74): error C2228: left of '.At' must have class/struct/union
  g:\code libraries\my libraries\solutions\block_menu\include\windows\menuwindow.cpp(74): note: type is 'unknown-type'
g:\code libraries\my libraries\solutions\block_menu\include\windows\menuwindow.cpp(74): error C2227: left of '->Draw' must point to class/struct/union/generic type
g:\code libraries\my libraries\solutions\block_menu\include\windows\menuwindow.cpp(77): error C2065: 'm_Shader': undeclared identifier
g:\code libraries\my libraries\solutions\block_menu\include\windows\menuwindow.cpp(77): error C2227: left of '->Use' must point to class/struct/union/generic type
  g:\code libraries\my libraries\solutions\block_menu\include\windows\menuwindow.cpp(77): note: type is 'unknown-type'
g:\code libraries\my libraries\solutions\block_menu\include\windows\menuwindow.cpp(78): error C2065: 'm_Shader': undeclared identifier
g:\code libraries\my libraries\solutions\block_menu\include\windows\menuwindow.cpp(78): error C2227: left of '->SetUniformMat4' must point to class/struct/union/generic type
  g:\code libraries\my libraries\solutions\block_menu\include\windows\menuwindow.cpp(78): note: type is 'unknown-type'
g:\code libraries\my libraries\solutions\block_menu\include\windows\menuwindow.cpp(78): error C2653: 'glm': is not a class or namespace name
g:\code libraries\my libraries\solutions\block_menu\include\windows\menuwindow.cpp(78): error C2065: 'm_Transform': undeclared identifier
g:\code libraries\my libraries\solutions\block_menu\include\windows\menuwindow.cpp(78): error C3861: 'value_ptr': identifier not found
g:\code libraries\my libraries\solutions\block_menu\include\windows\menuwindow.cpp(79): error C2065: 'm_Texture': undeclared identifier
g:\code libraries\my libraries\solutions\block_menu\include\windows\menuwindow.cpp(81): error C2065: 'm_Shader': undeclared identifier
g:\code libraries\my libraries\solutions\block_menu\include\windows\menuwindow.cpp(81): error C2227: left of '->SetupTextures' must point to class/struct/union/generic type
  g:\code libraries\my libraries\solutions\block_menu\include\windows\menuwindow.cpp(81): note: type is 'unknown-type'
g:\code libraries\my libraries\solutions\block_menu\include\windows\menuwindow.cpp(81): error C2065: 'm_Texture': undeclared identifier
g:\code libraries\my libraries\solutions\block_menu\include\windows\menuwindow.cpp(85): error C2065: 'm_Shader': undeclared identifier
g:\code libraries\my libraries\solutions\block_menu\include\windows\menuwindow.cpp(85): error C2227: left of '->SetUniformFloat4' must point to class/struct/union/generic type
  g:\code libraries\my libraries\solutions\block_menu\include\windows\menuwindow.cpp(85): note: type is 'unknown-type'
g:\code libraries\my libraries\solutions\block_menu\include\windows\menuwindow.cpp(85): error C2065: 'm_Color': undeclared identifier
g:\code libraries\my libraries\solutions\block_menu\include\windows\menuwindow.cpp(85): error C2228: left of '.x' must have class/struct/union
  g:\code libraries\my libraries\solutions\block_menu\include\windows\menuwindow.cpp(85): note: type is 'unknown-type'
g:\code libraries\my libraries\solutions\block_menu\include\windows\menuwindow.cpp(85): error C2228: left of '.y' must have class/struct/union
  g:\code libraries\my libraries\solutions\block_menu\include\windows\menuwindow.cpp(85): note: type is 'unknown-type'
g:\code libraries\my libraries\solutions\block_menu\include\windows\menuwindow.cpp(85): error C2228: left of '.z' must have class/struct/union
  g:\code libraries\my libraries\solutions\block_menu\include\windows\menuwindow.cpp(85): note: type is 'unknown-type'
g:\code libraries\my libraries\solutions\block_menu\include\windows\menuwindow.cpp(85): error C2228: left of '.w' must have class/struct/union
  g:\code libraries\my libraries\solutions\block_menu\include\windows\menuwindow.cpp(85): note: type is 'unknown-type'
g:\code libraries\my libraries\solutions\block_menu\include\windows\menuwindow.cpp(87): error C2065: 'm_Mesh': undeclared identifier
g:\code libraries\my libraries\solutions\block_menu\include\windows\menuwindow.cpp(87): error C2227: left of '->Draw' must point to class/struct/union/generic type
  g:\code libraries\my libraries\solutions\block_menu\include\windows\menuwindow.cpp(87): note: type is 'unknown-type'
g:\code libraries\my libraries\solutions\block_menu\include\windows\menuwindow.cpp(90): error C2653: 'MenuWindow': is not a class or namespace name
g:\code libraries\my libraries\solutions\block_menu\include\windows\menuwindow.cpp(90): error C2065: 'MenuItem': undeclared identifier
g:\code libraries\my libraries\solutions\block_menu\include\windows\menuwindow.cpp(90): error C2065: 'item': undeclared identifier
g:\code libraries\my libraries\solutions\block_menu\include\windows\menuwindow.cpp(90): error C2182: 'AddItem': illegal use of type 'void'
g:\code libraries\my libraries\solutions\block_menu\include\windows\menuwindow.cpp(91): error C2448: 'AddItem': function-style initializer appears to be a function definition
g:\code libraries\my libraries\solutions\block_menu\include\windows\menuwindow.cpp(96): error C2653: 'MenuWindow': is not a class or namespace name
g:\code libraries\my libraries\solutions\block_menu\include\windows\menuwindow.cpp(96): error C2065: 'Menu': undeclared identifier
g:\code libraries\my libraries\solutions\block_menu\include\windows\menuwindow.cpp(96): error C2065: 'menu': undeclared identifier
g:\code libraries\my libraries\solutions\block_menu\include\windows\menuwindow.cpp(96): error C2182: 'AddParentMenu': illegal use of type 'void'
g:\code libraries\my libraries\solutions\block_menu\include\windows\menuwindow.cpp(97): error C2448: 'AddParentMenu': function-style initializer appears to be a function definition
g:\code libraries\my libraries\solutions\block_menu\include\windows\menuwindow.cpp(102): error C2653: 'MenuWindow': is not a class or namespace name
g:\code libraries\my libraries\solutions\block_menu\include\windows\menuwindow.cpp(104): error C2653: 'glm': is not a class or namespace name
g:\code libraries\my libraries\solutions\block_menu\include\windows\menuwindow.cpp(104): error C2065: 'mat4': undeclared identifier
g:\code libraries\my libraries\solutions\block_menu\include\windows\menuwindow.cpp(104): error C2146: syntax error: missing ';' before identifier 'temp'
g:\code libraries\my libraries\solutions\block_menu\include\windows\menuwindow.cpp(104): error C2065: 'temp': undeclared identifier
g:\code libraries\my libraries\solutions\block_menu\include\windows\menuwindow.cpp(106): error C2065: 'temp': undeclared identifier
g:\code libraries\my libraries\solutions\block_menu\include\windows\menuwindow.cpp(106): error C2653: 'glm': is not a class or namespace name
g:\code libraries\my libraries\solutions\block_menu\include\windows\menuwindow.cpp(106): error C2065: 'm_Angle': undeclared identifier
g:\code libraries\my libraries\solutions\block_menu\include\windows\menuwindow.cpp(106): error C3861: 'radians': identifier not found
g:\code libraries\my libraries\solutions\block_menu\include\windows\menuwindow.cpp(106): error C3861: 'vec3': identifier not found
g:\code libraries\my libraries\solutions\block_menu\include\windows\menuwindow.cpp(106): error C3861: 'rotate': identifier not found
g:\code libraries\my libraries\solutions\block_menu\include\windows\menuwindow.cpp(108): error C2065: 'temp': undeclared identifier
g:\code libraries\my libraries\solutions\block_menu\include\windows\menuwindow.cpp(108): error C2653: 'glm': is not a class or namespace name
g:\code libraries\my libraries\solutions\block_menu\include\windows\menuwindow.cpp(108): error C2065: 'm_Position': undeclared identifier
g:\code libraries\my libraries\solutions\block_menu\include\windows\menuwindow.cpp(108): error C2228: left of '.x' must have class/struct/union
  g:\code libraries\my libraries\solutions\block_menu\include\windows\menuwindow.cpp(108): note: type is 'unknown-type'
g:\code libraries\my libraries\solutions\block_menu\include\windows\menuwindow.cpp(108): error C2065: 'm_Resolution': undeclared identifier
g:\code libraries\my libraries\solutions\block_menu\include\windows\menuwindow.cpp(108): error C2228: left of '.y' must have class/struct/union
  g:\code libraries\my libraries\solutions\block_menu\include\windows\menuwindow.cpp(108): note: type is 'unknown-type'
g:\code libraries\my libraries\solutions\block_menu\include\windows\menuwindow.cpp(108): error C3861: 'vec3': identifier not found
g:\code libraries\my libraries\solutions\block_menu\include\windows\menuwindow.cpp(108): error C3861: 'translate': identifier not found
g:\code libraries\my libraries\solutions\block_menu\include\windows\menuwindow.cpp(110): error C2653: 'glm': is not a class or namespace name
g:\code libraries\my libraries\solutions\block_menu\include\windows\menuwindow.cpp(110): error C2065: 'vec3': undeclared identifier
g:\code libraries\my libraries\solutions\block_menu\include\windows\menuwindow.cpp(110): error C2146: syntax error: missing ';' before identifier 't'
g:\code libraries\my libraries\solutions\block_menu\include\windows\menuwindow.cpp(110): error C2065: 't': undeclared identifier
g:\code libraries\my libraries\solutions\block_menu\include\windows\menuwindow.cpp(110): error C2065: 'm_Size': undeclared identifier
g:\code libraries\my libraries\solutions\block_menu\include\windows\menuwindow.cpp(110): error C2228: left of '.x' must have class/struct/union
  g:\code libraries\my libraries\solutions\block_menu\include\windows\menuwindow.cpp(110): note: type is 'unknown-type'
g:\code libraries\my libraries\solutions\block_menu\include\windows\menuwindow.cpp(110): error C2065: 'm_Resolution': undeclared identifier
g:\code libraries\my libraries\solutions\block_menu\include\windows\menuwindow.cpp(110): error C2228: left of '.y' must have class/struct/union
  g:\code libraries\my libraries\solutions\block_menu\include\windows\menuwindow.cpp(110): note: type is 'unknown-type'
g:\code libraries\my libraries\solutions\block_menu\include\windows\menuwindow.cpp(110): error C3861: 'vec3': identifier not found
g:\code libraries\my libraries\solutions\block_menu\include\windows\menuwindow.cpp(112): error C2065: 'temp': undeclared identifier
g:\code libraries\my libraries\solutions\block_menu\include\windows\menuwindow.cpp(112): error C2653: 'glm': is not a class or namespace name
g:\code libraries\my libraries\solutions\block_menu\include\windows\menuwindow.cpp(112): error C2065: 't': undeclared identifier
g:\code libraries\my libraries\solutions\block_menu\include\windows\menuwindow.cpp(112): error C3861: 'scale': identifier not found
g:\code libraries\my libraries\solutions\block_menu\include\windows\menuwindow.cpp(114): error C2065: 'm_Transform': undeclared identifier
g:\code libraries\my libraries\solutions\block_menu\include\windows\menuwindow.cpp(114): error C2065: 'temp': undeclared identifier
g:\code libraries\my libraries\solutions\block_menu\include\windows\menuwindow.cpp(117): error C2653: 'MenuWindow': is not a class or namespace name
g:\code libraries\my libraries\solutions\block_menu\include\windows\menuwindow.cpp(119): error C3861: 'ResizeItems': identifier not found
g:\code libraries\my libraries\solutions\block_menu\include\windows\menuwindow.cpp(120): error C3861: 'CenterItems': identifier not found
g:\code libraries\my libraries\solutions\block_menu\include\windows\menuwindow.cpp(120): fatal error C1003: error count exceeds 100; stopping compilation
  ExampleWindow.cpp
g:\code libraries\my libraries\solutions\block_menu\include\windows\examplewindow.cpp(3): error C2653: 'ExampleWindow': is not a class or namespace name
g:\code libraries\my libraries\solutions\block_menu\include\windows\examplewindow.cpp(4): error C4430: missing type specifier - int assumed. Note: C++ does not support default-int
g:\code libraries\my libraries\solutions\block_menu\include\windows\examplewindow.cpp(5): warning C4508: 'ExampleWindow': function should return a value; 'void' return type assumed
g:\code libraries\my libraries\solutions\block_menu\include\windows\examplewindow.cpp(7): error C2653: 'ExampleWindow': is not a class or namespace name
g:\code libraries\my libraries\solutions\block_menu\include\windows\examplewindow.cpp(8): error C4430: missing type specifier - int assumed. Note: C++ does not support default-int
g:\code libraries\my libraries\solutions\block_menu\include\windows\examplewindow.cpp(8): error C2084: function 'int ExampleWindow(void)' already has a body
  g:\code libraries\my libraries\solutions\block_menu\include\windows\examplewindow.cpp(3): note: see previous definition of 'ExampleWindow'
g:\code libraries\my libraries\solutions\block_menu\include\windows\examplewindow.cpp(11): error C2653: 'ExampleWindow': is not a class or namespace name
  Menu.cpp
g:\code libraries\my libraries\solutions\block_menu\include\menus\menu.cpp(3): error C2653: 'Menu': is not a class or namespace name
g:\code libraries\my libraries\solutions\block_menu\include\menus\menu.cpp(4): error C4430: missing type specifier - int assumed. Note: C++ does not support default-int
g:\code libraries\my libraries\solutions\block_menu\include\menus\menu.cpp(5): warning C4508: 'Menu': function should return a value; 'void' return type assumed
g:\code libraries\my libraries\solutions\block_menu\include\menus\menu.cpp(7): error C2653: 'Menu': is not a class or namespace name
g:\code libraries\my libraries\solutions\block_menu\include\menus\menu.cpp(8): error C4430: missing type specifier - int assumed. Note: C++ does not support default-int
g:\code libraries\my libraries\solutions\block_menu\include\menus\menu.cpp(8): error C2084: function 'int Menu(void)' already has a body
  g:\code libraries\my libraries\solutions\block_menu\include\menus\menu.cpp(3): note: see previous definition of 'Menu'
g:\code libraries\my libraries\solutions\block_menu\include\menus\menu.cpp(9): error C2065: 'uint': undeclared identifier
g:\code libraries\my libraries\solutions\block_menu\include\menus\menu.cpp(9): error C2146: syntax error: missing ';' before identifier 'i'
g:\code libraries\my libraries\solutions\block_menu\include\menus\menu.cpp(9): error C2143: syntax error: missing ';' before '='
g:\code libraries\my libraries\solutions\block_menu\include\menus\menu.cpp(9): error C2143: syntax error: missing ')' before '='
g:\code libraries\my libraries\solutions\block_menu\include\menus\menu.cpp(9): error C2059: syntax error: '='
g:\code libraries\my libraries\solutions\block_menu\include\menus\menu.cpp(9): error C2065: 'i': undeclared identifier
g:\code libraries\my libraries\solutions\block_menu\include\menus\menu.cpp(9): error C2065: 'm_Windows': undeclared identifier
g:\code libraries\my libraries\solutions\block_menu\include\menus\menu.cpp(9): error C2228: left of '.size' must have class/struct/union
  g:\code libraries\my libraries\solutions\block_menu\include\menus\menu.cpp(9): note: type is 'unknown-type'
g:\code libraries\my libraries\solutions\block_menu\include\menus\menu.cpp(9): error C2059: syntax error: ')'
g:\code libraries\my libraries\solutions\block_menu\include\menus\menu.cpp(11): error C2065: 'm_Windows': undeclared identifier
g:\code libraries\my libraries\solutions\block_menu\include\menus\menu.cpp(11): error C2228: left of '.at' must have class/struct/union
  g:\code libraries\my libraries\solutions\block_menu\include\menus\menu.cpp(11): note: type is 'unknown-type'
g:\code libraries\my libraries\solutions\block_menu\include\menus\menu.cpp(11): error C2065: 'i': undeclared identifier
g:\code libraries\my libraries\solutions\block_menu\include\menus\menu.cpp(11): error C2059: syntax error: ';'
g:\code libraries\my libraries\solutions\block_menu\include\menus\menu.cpp(13): error C3927: '->': trailing return type is not allowed after a non-function declarator
g:\code libraries\my libraries\solutions\block_menu\include\menus\menu.cpp(13): error C3484: syntax error: expected '->' before the return type
g:\code libraries\my libraries\solutions\block_menu\include\menus\menu.cpp(13): error C3613: missing return type after '->' ('int' assumed)
g:\code libraries\my libraries\solutions\block_menu\include\menus\menu.cpp(13): error C4430: missing type specifier - int assumed. Note: C++ does not support default-int
g:\code libraries\my libraries\solutions\block_menu\include\menus\menu.cpp(13): error C2146: syntax error: missing ';' before identifier 'clear'
g:\code libraries\my libraries\solutions\block_menu\include\menus\menu.cpp(14): error C2059: syntax error: '}'
g:\code libraries\my libraries\solutions\block_menu\include\menus\menu.cpp(14): error C2143: syntax error: missing ';' before '}'
g:\code libraries\my libraries\solutions\block_menu\include\menus\menu.cpp(16): error C2653: 'Menu': is not a class or namespace name
g:\code libraries\my libraries\solutions\block_menu\include\menus\menu.cpp(16): error C2653: 'glm': is not a class or namespace name
g:\code libraries\my libraries\solutions\block_menu\include\menus\menu.cpp(17): error C2143: syntax error: missing ';' before '{'
g:\code libraries\my libraries\solutions\block_menu\include\menus\menu.cpp(17): error C2447: '{': missing function header (old-style formal list?)
g:\code libraries\my libraries\solutions\block_menu\include\menus\menu.cpp(32): error C2653: 'Menu': is not a class or namespace name
g:\code libraries\my libraries\solutions\block_menu\include\menus\menu.cpp(34): error C2065: 'uint': undeclared identifier
g:\code libraries\my libraries\solutions\block_menu\include\menus\menu.cpp(34): error C2146: syntax error: missing ';' before identifier 'i'
g:\code libraries\my libraries\solutions\block_menu\include\menus\menu.cpp(34): error C2143: syntax error: missing ';' before '='
g:\code libraries\my libraries\solutions\block_menu\include\menus\menu.cpp(34): error C2143: syntax error: missing ')' before '='
g:\code libraries\my libraries\solutions\block_menu\include\menus\menu.cpp(34): error C2059: syntax error: '='
g:\code libraries\my libraries\solutions\block_menu\include\menus\menu.cpp(34): error C2065: 'i': undeclared identifier
g:\code libraries\my libraries\solutions\block_menu\include\menus\menu.cpp(34): error C2228: left of '.size' must have class/struct/union
  g:\code libraries\my libraries\solutions\block_menu\include\menus\menu.cpp(34): note: type is 'int'
g:\code libraries\my libraries\solutions\block_menu\include\menus\menu.cpp(34): error C2059: syntax error: ')'
g:\code libraries\my libraries\solutions\block_menu\include\menus\menu.cpp(36): error C2228: left of '.at' must have class/struct/union
  g:\code libraries\my libraries\solutions\block_menu\include\menus\menu.cpp(36): note: type is 'int'
g:\code libraries\my libraries\solutions\block_menu\include\menus\menu.cpp(36): error C2065: 'i': undeclared identifier
g:\code libraries\my libraries\solutions\block_menu\include\menus\menu.cpp(36): error C2227: left of '->Draw' must point to class/struct/union/generic type
g:\code libraries\my libraries\solutions\block_menu\include\menus\menu.cpp(36): error C2059: syntax error: ';'
g:\code libraries\my libraries\solutions\block_menu\include\menus\menu.cpp(38): error C2059: syntax error: '}'
g:\code libraries\my libraries\solutions\block_menu\include\menus\menu.cpp(38): error C2143: syntax error: missing ';' before '}'
g:\code libraries\my libraries\solutions\block_menu\include\menus\menu.cpp(40): error C2653: 'Menu': is not a class or namespace name
g:\code libraries\my libraries\solutions\block_menu\include\menus\menu.cpp(40): error C2653: 'glm': is not a class or namespace name
g:\code libraries\my libraries\solutions\block_menu\include\menus\menu.cpp(41): error C2143: syntax error: missing ';' before '{'
g:\code libraries\my libraries\solutions\block_menu\include\menus\menu.cpp(41): error C2447: '{': missing function header (old-style formal list?)
  MenuManager.cpp
g:\code libraries\my libraries\solutions\block_menu\include\menumanager.cpp(3): error C2653: 'MenuManager': is not a class or namespace name
g:\code libraries\my libraries\solutions\block_menu\include\menumanager.cpp(4): error C4430: missing type specifier - int assumed. Note: C++ does not support default-int
g:\code libraries\my libraries\solutions\block_menu\include\menumanager.cpp(5): warning C4508: 'MenuManager': function should return a value; 'void' return type assumed
g:\code libraries\my libraries\solutions\block_menu\include\menumanager.cpp(7): error C2653: 'MenuManager': is not a class or namespace name
g:\code libraries\my libraries\solutions\block_menu\include\menumanager.cpp(8): error C4430: missing type specifier - int assumed. Note: C++ does not support default-int
g:\code libraries\my libraries\solutions\block_menu\include\menumanager.cpp(8): error C2084: function 'int MenuManager(void)' already has a body
  g:\code libraries\my libraries\solutions\block_menu\include\menumanager.cpp(3): note: see previous definition of 'MenuManager'
g:\code libraries\my libraries\solutions\block_menu\include\menumanager.cpp(9): error C2065: 'uint': undeclared identifier
g:\code libraries\my libraries\solutions\block_menu\include\menumanager.cpp(9): error C2146: syntax error: missing ';' before identifier 'i'
g:\code libraries\my libraries\solutions\block_menu\include\menumanager.cpp(9): error C2143: syntax error: missing ';' before '='
g:\code libraries\my libraries\solutions\block_menu\include\menumanager.cpp(9): error C2143: syntax error: missing ')' before '='
g:\code libraries\my libraries\solutions\block_menu\include\menumanager.cpp(9): error C2059: syntax error: '='
g:\code libraries\my libraries\solutions\block_menu\include\menumanager.cpp(9): error C2065: 'i': undeclared identifier
g:\code libraries\my libraries\solutions\block_menu\include\menumanager.cpp(9): error C2065: 'm_Menus': undeclared identifier
g:\code libraries\my libraries\solutions\block_menu\include\menumanager.cpp(9): error C2228: left of '.size' must have class/struct/union
  g:\code libraries\my libraries\solutions\block_menu\include\menumanager.cpp(9): note: type is 'unknown-type'
g:\code libraries\my libraries\solutions\block_menu\include\menumanager.cpp(9): error C2059: syntax error: ')'
g:\code libraries\my libraries\solutions\block_menu\include\menumanager.cpp(11): error C2065: 'm_Menus': undeclared identifier
g:\code libraries\my libraries\solutions\block_menu\include\menumanager.cpp(11): error C2228: left of '.at' must have class/struct/union
  g:\code libraries\my libraries\solutions\block_menu\include\menumanager.cpp(11): note: type is 'unknown-type'
g:\code libraries\my libraries\solutions\block_menu\include\menumanager.cpp(11): error C2065: 'i': undeclared identifier
g:\code libraries\my libraries\solutions\block_menu\include\menumanager.cpp(11): error C2059: syntax error: ';'
g:\code libraries\my libraries\solutions\block_menu\include\menumanager.cpp(13): error C3927: '->': trailing return type is not allowed after a non-function declarator
g:\code libraries\my libraries\solutions\block_menu\include\menumanager.cpp(13): error C3484: syntax error: expected '->' before the return type
g:\code libraries\my libraries\solutions\block_menu\include\menumanager.cpp(13): error C3613: missing return type after '->' ('int' assumed)
g:\code libraries\my libraries\solutions\block_menu\include\menumanager.cpp(13): error C4430: missing type specifier - int assumed. Note: C++ does not support default-int
g:\code libraries\my libraries\solutions\block_menu\include\menumanager.cpp(13): error C2146: syntax error: missing ';' before identifier 'clear'
g:\code libraries\my libraries\solutions\block_menu\include\menumanager.cpp(14): error C2059: syntax error: '}'
g:\code libraries\my libraries\solutions\block_menu\include\menumanager.cpp(14): error C2143: syntax error: missing ';' before '}'
g:\code libraries\my libraries\solutions\block_menu\include\menumanager.cpp(16): error C2653: 'MenuManager': is not a class or namespace name
g:\code libraries\my libraries\solutions\block_menu\include\menumanager.cpp(17): error C2143: syntax error: missing ';' before '{'
g:\code libraries\my libraries\solutions\block_menu\include\menumanager.cpp(17): error C2447: '{': missing function header (old-style formal list?)
g:\code libraries\my libraries\solutions\block_menu\include\menumanager.cpp(24): error C2653: 'MenuManager': is not a class or namespace name
g:\code libraries\my libraries\solutions\block_menu\include\menumanager.cpp(26): error C2065: 'uint': undeclared identifier
g:\code libraries\my libraries\solutions\block_menu\include\menumanager.cpp(26): error C2146: syntax error: missing ';' before identifier 'i'
g:\code libraries\my libraries\solutions\block_menu\include\menumanager.cpp(26): error C2143: syntax error: missing ';' before '='
g:\code libraries\my libraries\solutions\block_menu\include\menumanager.cpp(26): error C2143: syntax error: missing ')' before '='
g:\code libraries\my libraries\solutions\block_menu\include\menumanager.cpp(26): error C2059: syntax error: '='
g:\code libraries\my libraries\solutions\block_menu\include\menumanager.cpp(26): error C2065: 'i': undeclared identifier
g:\code libraries\my libraries\solutions\block_menu\include\menumanager.cpp(26): error C2228: left of '.size' must have class/struct/union
  g:\code libraries\my libraries\solutions\block_menu\include\menumanager.cpp(26): note: type is 'int'
g:\code libraries\my libraries\solutions\block_menu\include\menumanager.cpp(26): error C2059: syntax error: ')'
g:\code libraries\my libraries\solutions\block_menu\include\menumanager.cpp(28): error C2228: left of '.at' must have class/struct/union
  g:\code libraries\my libraries\solutions\block_menu\include\menumanager.cpp(28): note: type is 'int'
g:\code libraries\my libraries\solutions\block_menu\include\menumanager.cpp(28): error C2065: 'i': undeclared identifier
g:\code libraries\my libraries\solutions\block_menu\include\menumanager.cpp(28): error C2227: left of '->Draw' must point to class/struct/union/generic type
g:\code libraries\my libraries\solutions\block_menu\include\menumanager.cpp(28): error C2059: syntax error: ';'
g:\code libraries\my libraries\solutions\block_menu\include\menumanager.cpp(30): error C2059: syntax error: '}'
g:\code libraries\my libraries\solutions\block_menu\include\menumanager.cpp(30): error C2143: syntax error: missing ';' before '}'
g:\code libraries\my libraries\solutions\block_menu\include\menumanager.cpp(32): error C2653: 'MenuManager': is not a class or namespace name
g:\code libraries\my libraries\solutions\block_menu\include\menumanager.cpp(33): error C2143: syntax error: missing ';' before '{'
g:\code libraries\my libraries\solutions\block_menu\include\menumanager.cpp(33): error C2447: '{': missing function header (old-style formal list?)
  MenuItem.cpp
g:\code libraries\my libraries\solutions\block_menu\include\menuitems\menuitem.cpp(3): error C2653: 'MenuItem': is not a class or namespace name
g:\code libraries\my libraries\solutions\block_menu\include\menuitems\menuitem.cpp(3): error C2065: 'Mesh': undeclared identifier
g:\code libraries\my libraries\solutions\block_menu\include\menuitems\menuitem.cpp(3): error C2065: 'mesh': undeclared identifier
g:\code libraries\my libraries\solutions\block_menu\include\menuitems\menuitem.cpp(3): error C4430: missing type specifier - int assumed. Note: C++ does not support default-int
g:\code libraries\my libraries\solutions\block_menu\include\menuitems\menuitem.cpp(4): error C2448: 'MenuItem': function-style initializer appears to be a function definition
g:\code libraries\my libraries\solutions\block_menu\include\menuitems\menuitem.cpp(8): error C2825: 'MenuItem': must be a class or namespace when followed by '::'
g:\code libraries\my libraries\solutions\block_menu\include\menuitems\menuitem.cpp(8): error C2510: 'MenuItem': left of '::' must be a class/struct/union
g:\code libraries\my libraries\solutions\block_menu\include\menuitems\menuitem.cpp(9): error C4430: missing type specifier - int assumed. Note: C++ does not support default-int
g:\code libraries\my libraries\solutions\block_menu\include\menuitems\menuitem.cpp(10): warning C4508: '{dtor}': function should return a value; 'void' return type assumed
g:\code libraries\my libraries\solutions\block_menu\include\menuitems\menuitem.cpp(12): error C2825: 'MenuItem': must be a class or namespace when followed by '::'
g:\code libraries\my libraries\solutions\block_menu\include\menuitems\menuitem.cpp(12): error C2510: 'MenuItem': left of '::' must be a class/struct/union
g:\code libraries\my libraries\solutions\block_menu\include\menuitems\menuitem.cpp(12): error C2653: 'glm': is not a class or namespace name
g:\code libraries\my libraries\solutions\block_menu\include\menuitems\menuitem.cpp(12): error C2065: 'vec2': undeclared identifier
g:\code libraries\my libraries\solutions\block_menu\include\menuitems\menuitem.cpp(12): error C2146: syntax error: missing ')' before identifier 'mousePos'
g:\code libraries\my libraries\solutions\block_menu\include\menuitems\menuitem.cpp(13): error C2143: syntax error: missing ';' before '{'
g:\code libraries\my libraries\solutions\block_menu\include\menuitems\menuitem.cpp(13): error C2447: '{': missing function header (old-style formal list?)
g:\code libraries\my libraries\solutions\block_menu\include\menuitems\menuitem.cpp(20): error C2825: 'MenuItem': must be a class or namespace when followed by '::'
g:\code libraries\my libraries\solutions\block_menu\include\menuitems\menuitem.cpp(20): error C2510: 'MenuItem': left of '::' must be a class/struct/union
g:\code libraries\my libraries\solutions\block_menu\include\menuitems\menuitem.cpp(22): error C2065: 'm_Shader': undeclared identifier
g:\code libraries\my libraries\solutions\block_menu\include\menuitems\menuitem.cpp(22): error C2227: left of '->Use' must point to class/struct/union/generic type
  g:\code libraries\my libraries\solutions\block_menu\include\menuitems\menuitem.cpp(22): note: type is 'unknown-type'
g:\code libraries\my libraries\solutions\block_menu\include\menuitems\menuitem.cpp(23): error C2065: 'm_Shader': undeclared identifier
g:\code libraries\my libraries\solutions\block_menu\include\menuitems\menuitem.cpp(23): error C2227: left of '->SetUniformMat4' must point to class/struct/union/generic type
  g:\code libraries\my libraries\solutions\block_menu\include\menuitems\menuitem.cpp(23): note: type is 'unknown-type'
g:\code libraries\my libraries\solutions\block_menu\include\menuitems\menuitem.cpp(23): error C2653: 'glm': is not a class or namespace name
g:\code libraries\my libraries\solutions\block_menu\include\menuitems\menuitem.cpp(23): error C2065: 'm_Transform': undeclared identifier
g:\code libraries\my libraries\solutions\block_menu\include\menuitems\menuitem.cpp(23): error C3861: 'value_ptr': identifier not found
g:\code libraries\my libraries\solutions\block_menu\include\menuitems\menuitem.cpp(24): error C2065: 'm_Shader': undeclared identifier
g:\code libraries\my libraries\solutions\block_menu\include\menuitems\menuitem.cpp(24): error C2227: left of '->SetUniformFloat4' must point to class/struct/union/generic type
  g:\code libraries\my libraries\solutions\block_menu\include\menuitems\menuitem.cpp(24): note: type is 'unknown-type'
g:\code libraries\my libraries\solutions\block_menu\include\menuitems\menuitem.cpp(24): error C2065: 'm_Color': undeclared identifier
g:\code libraries\my libraries\solutions\block_menu\include\menuitems\menuitem.cpp(24): error C2228: left of '.x' must have class/struct/union
  g:\code libraries\my libraries\solutions\block_menu\include\menuitems\menuitem.cpp(24): note: type is 'unknown-type'
g:\code libraries\my libraries\solutions\block_menu\include\menuitems\menuitem.cpp(24): error C2228: left of '.y' must have class/struct/union
  g:\code libraries\my libraries\solutions\block_menu\include\menuitems\menuitem.cpp(24): note: type is 'unknown-type'
g:\code libraries\my libraries\solutions\block_menu\include\menuitems\menuitem.cpp(24): error C2228: left of '.z' must have class/struct/union
  g:\code libraries\my libraries\solutions\block_menu\include\menuitems\menuitem.cpp(24): note: type is 'unknown-type'
g:\code libraries\my libraries\solutions\block_menu\include\menuitems\menuitem.cpp(24): error C2228: left of '.w' must have class/struct/union
  g:\code libraries\my libraries\solutions\block_menu\include\menuitems\menuitem.cpp(24): note: type is 'unknown-type'
g:\code libraries\my libraries\solutions\block_menu\include\menuitems\menuitem.cpp(25): error C2065: 'm_Mesh': undeclared identifier
g:\code libraries\my libraries\solutions\block_menu\include\menuitems\menuitem.cpp(25): error C2227: left of '->Draw' must point to class/struct/union/generic type
  g:\code libraries\my libraries\solutions\block_menu\include\menuitems\menuitem.cpp(25): note: type is 'unknown-type'
g:\code libraries\my libraries\solutions\block_menu\include\menuitems\menuitem.cpp(28): error C2825: 'MenuItem': must be a class or namespace when followed by '::'
g:\code libraries\my libraries\solutions\block_menu\include\menuitems\menuitem.cpp(28): error C2510: 'MenuItem': left of '::' must be a class/struct/union
g:\code libraries\my libraries\solutions\block_menu\include\menuitems\menuitem.cpp(28): error C2065: 'MenuWindow': undeclared identifier
g:\code libraries\my libraries\solutions\block_menu\include\menuitems\menuitem.cpp(28): error C2065: 'window': undeclared identifier
g:\code libraries\my libraries\solutions\block_menu\include\menuitems\menuitem.cpp(28): error C2182: 'SetParentWindow': illegal use of type 'void'
g:\code libraries\my libraries\solutions\block_menu\include\menuitems\menuitem.cpp(29): error C2448: 'SetParentWindow': function-style initializer appears to be a function definition
g:\code libraries\my libraries\solutions\block_menu\include\menuitems\menuitem.cpp(34): error C2825: 'MenuItem': must be a class or namespace when followed by '::'
g:\code libraries\my libraries\solutions\block_menu\include\menuitems\menuitem.cpp(34): error C2510: 'MenuItem': left of '::' must be a class/struct/union
g:\code libraries\my libraries\solutions\block_menu\include\menuitems\menuitem.cpp(34): error C2653: 'glm': is not a class or namespace name
g:\code libraries\my libraries\solutions\block_menu\include\menuitems\menuitem.cpp(34): error C2065: 'vec2': undeclared identifier
g:\code libraries\my libraries\solutions\block_menu\include\menuitems\menuitem.cpp(34): error C2146: syntax error: missing ')' before identifier 'position'
g:\code libraries\my libraries\solutions\block_menu\include\menuitems\menuitem.cpp(35): error C2143: syntax error: missing ';' before '{'
g:\code libraries\my libraries\solutions\block_menu\include\menuitems\menuitem.cpp(35): error C2447: '{': missing function header (old-style formal list?)
g:\code libraries\my libraries\solutions\block_menu\include\menuitems\menuitem.cpp(39): error C2825: 'MenuItem': must be a class or namespace when followed by '::'
g:\code libraries\my libraries\solutions\block_menu\include\menuitems\menuitem.cpp(39): error C2510: 'MenuItem': left of '::' must be a class/struct/union
g:\code libraries\my libraries\solutions\block_menu\include\menuitems\menuitem.cpp(41): error C2065: 'm_Rotation': undeclared identifier
g:\code libraries\my libraries\solutions\block_menu\include\menuitems\menuitem.cpp(44): error C2825: 'MenuItem': must be a class or namespace when followed by '::'
g:\code libraries\my libraries\solutions\block_menu\include\menuitems\menuitem.cpp(44): error C2510: 'MenuItem': left of '::' must be a class/struct/union
g:\code libraries\my libraries\solutions\block_menu\include\menuitems\menuitem.cpp(44): error C2653: 'glm': is not a class or namespace name
g:\code libraries\my libraries\solutions\block_menu\include\menuitems\menuitem.cpp(44): error C2065: 'vec2': undeclared identifier
g:\code libraries\my libraries\solutions\block_menu\include\menuitems\menuitem.cpp(44): error C2146: syntax error: missing ')' before identifier 'size'
g:\code libraries\my libraries\solutions\block_menu\include\menuitems\menuitem.cpp(45): error C2143: syntax error: missing ';' before '{'
g:\code libraries\my libraries\solutions\block_menu\include\menuitems\menuitem.cpp(45): error C2447: '{': missing function header (old-style formal list?)
g:\code libraries\my libraries\solutions\block_menu\include\menuitems\menuitem.cpp(49): error C2825: 'MenuItem': must be a class or namespace when followed by '::'
g:\code libraries\my libraries\solutions\block_menu\include\menuitems\menuitem.cpp(49): error C2510: 'MenuItem': left of '::' must be a class/struct/union
g:\code libraries\my libraries\solutions\block_menu\include\menuitems\menuitem.cpp(51): error C2653: 'glm': is not a class or namespace name
g:\code libraries\my libraries\solutions\block_menu\include\menuitems\menuitem.cpp(51): error C2065: 'mat4': undeclared identifier
g:\code libraries\my libraries\solutions\block_menu\include\menuitems\menuitem.cpp(51): error C2146: syntax error: missing ';' before identifier 'temp'
g:\code libraries\my libraries\solutions\block_menu\include\menuitems\menuitem.cpp(51): error C2065: 'temp': undeclared identifier
g:\code libraries\my libraries\solutions\block_menu\include\menuitems\menuitem.cpp(53): error C2653: 'glm': is not a class or namespace name
g:\code libraries\my libraries\solutions\block_menu\include\menuitems\menuitem.cpp(53): error C2065: 'vec2': undeclared identifier
g:\code libraries\my libraries\solutions\block_menu\include\menuitems\menuitem.cpp(53): error C2146: syntax error: missing ';' before identifier 'parentPosition'
g:\code libraries\my libraries\solutions\block_menu\include\menuitems\menuitem.cpp(53): error C2065: 'parentPosition': undeclared identifier
g:\code libraries\my libraries\solutions\block_menu\include\menuitems\menuitem.cpp(53): error C2065: 'm_ParentWindow': undeclared identifier
g:\code libraries\my libraries\solutions\block_menu\include\menuitems\menuitem.cpp(53): error C2227: left of '->GetPosition' must point to class/struct/union/generic type
  g:\code libraries\my libraries\solutions\block_menu\include\menuitems\menuitem.cpp(53): note: type is 'unknown-type'
g:\code libraries\my libraries\solutions\block_menu\include\menuitems\menuitem.cpp(54): error C2653: 'glm': is not a class or namespace name
g:\code libraries\my libraries\solutions\block_menu\include\menuitems\menuitem.cpp(54): error C2065: 'vec2': undeclared identifier
g:\code libraries\my libraries\solutions\block_menu\include\menuitems\menuitem.cpp(54): error C2146: syntax error: missing ';' before identifier 'parentSize'
g:\code libraries\my libraries\solutions\block_menu\include\menuitems\menuitem.cpp(54): error C2065: 'parentSize': undeclared identifier
g:\code libraries\my libraries\solutions\block_menu\include\menuitems\menuitem.cpp(54): error C2065: 'm_ParentWindow': undeclared identifier
g:\code libraries\my libraries\solutions\block_menu\include\menuitems\menuitem.cpp(54): error C2227: left of '->GetSize' must point to class/struct/union/generic type
  g:\code libraries\my libraries\solutions\block_menu\include\menuitems\menuitem.cpp(54): note: type is 'unknown-type'
g:\code libraries\my libraries\solutions\block_menu\include\menuitems\menuitem.cpp(57): error C2065: 'temp': undeclared identifier
g:\code libraries\my libraries\solutions\block_menu\include\menuitems\menuitem.cpp(57): error C2653: 'glm': is not a class or namespace name
g:\code libraries\my libraries\solutions\block_menu\include\menuitems\menuitem.cpp(57): error C2065: 'm_Rotation': undeclared identifier
g:\code libraries\my libraries\solutions\block_menu\include\menuitems\menuitem.cpp(57): error C3861: 'radians': identifier not found
g:\code libraries\my libraries\solutions\block_menu\include\menuitems\menuitem.cpp(57): error C3861: 'vec3': identifier not found
g:\code libraries\my libraries\solutions\block_menu\include\menuitems\menuitem.cpp(57): error C3861: 'rotate': identifier not found
g:\code libraries\my libraries\solutions\block_menu\include\menuitems\menuitem.cpp(60): error C2653: 'glm': is not a class or namespace name
g:\code libraries\my libraries\solutions\block_menu\include\menuitems\menuitem.cpp(60): error C2065: 'vec3': undeclared identifier
g:\code libraries\my libraries\solutions\block_menu\include\menuitems\menuitem.cpp(60): error C2146: syntax error: missing ';' before identifier 'finalPos'
g:\code libraries\my libraries\solutions\block_menu\include\menuitems\menuitem.cpp(60): error C2065: 'finalPos': undeclared identifier
g:\code libraries\my libraries\solutions\block_menu\include\menuitems\menuitem.cpp(60): error C2065: 'm_ParentWindow': undeclared identifier
g:\code libraries\my libraries\solutions\block_menu\include\menuitems\menuitem.cpp(60): error C2227: left of '->GetPosition' must point to class/struct/union/generic type
  g:\code libraries\my libraries\solutions\block_menu\include\menuitems\menuitem.cpp(60): note: type is 'unknown-type'
g:\code libraries\my libraries\solutions\block_menu\include\menuitems\menuitem.cpp(60): error C2228: left of '.x' must have class/struct/union
g:\code libraries\my libraries\solutions\block_menu\include\menuitems\menuitem.cpp(60): error C2065: 'parentSize': undeclared identifier
g:\code libraries\my libraries\solutions\block_menu\include\menuitems\menuitem.cpp(60): error C2065: 'm_Position': undeclared identifier
g:\code libraries\my libraries\solutions\block_menu\include\menuitems\menuitem.cpp(60): error C2065: 'm_Resolution': undeclared identifier
g:\code libraries\my libraries\solutions\block_menu\include\menuitems\menuitem.cpp(61): error C2065: 'm_ParentWindow': undeclared identifier
g:\code libraries\my libraries\solutions\block_menu\include\menuitems\menuitem.cpp(61): error C2227: left of '->GetPosition' must point to class/struct/union/generic type
  g:\code libraries\my libraries\solutions\block_menu\include\menuitems\menuitem.cpp(61): note: type is 'unknown-type'
g:\code libraries\my libraries\solutions\block_menu\include\menuitems\menuitem.cpp(61): error C2228: left of '.y' must have class/struct/union
g:\code libraries\my libraries\solutions\block_menu\include\menuitems\menuitem.cpp(61): error C2065: 'parentSize': undeclared identifier
g:\code libraries\my libraries\solutions\block_menu\include\menuitems\menuitem.cpp(61): error C2065: 'm_Position': undeclared identifier
g:\code libraries\my libraries\solutions\block_menu\include\menuitems\menuitem.cpp(61): error C2065: 'm_Resolution': undeclared identifier
g:\code libraries\my libraries\solutions\block_menu\include\menuitems\menuitem.cpp(60): error C3861: 'vec3': identifier not found
g:\code libraries\my libraries\solutions\block_menu\include\menuitems\menuitem.cpp(64): error C2065: 'temp': undeclared identifier
g:\code libraries\my libraries\solutions\block_menu\include\menuitems\menuitem.cpp(64): error C2653: 'glm': is not a class or namespace name
g:\code libraries\my libraries\solutions\block_menu\include\menuitems\menuitem.cpp(64): error C2065: 'finalPos': undeclared identifier
g:\code libraries\my libraries\solutions\block_menu\include\menuitems\menuitem.cpp(64): error C3861: 'vec3': identifier not found
g:\code libraries\my libraries\solutions\block_menu\include\menuitems\menuitem.cpp(64): error C3861: 'translate': identifier not found
g:\code libraries\my libraries\solutions\block_menu\include\menuitems\menuitem.cpp(68): error C2653: 'glm': is not a class or namespace name
g:\code libraries\my libraries\solutions\block_menu\include\menuitems\menuitem.cpp(68): fatal error C1003: error count exceeds 100; stopping compilation
  ImageItem.cpp
g:\code libraries\my libraries\solutions\block_menu\include\menuitems\imageitem.cpp(3): error C2653: 'ImageItem': is not a class or namespace name
g:\code libraries\my libraries\solutions\block_menu\include\menuitems\imageitem.cpp(3): error C2065: 'Mesh': undeclared identifier
g:\code libraries\my libraries\solutions\block_menu\include\menuitems\imageitem.cpp(3): error C2065: 'mesh': undeclared identifier
g:\code libraries\my libraries\solutions\block_menu\include\menuitems\imageitem.cpp(3): error C4430: missing type specifier - int assumed. Note: C++ does not support default-int
g:\code libraries\my libraries\solutions\block_menu\include\menuitems\imageitem.cpp(3): error C2448: 'ImageItem': function-style initializer appears to be a function definition
g:\code libraries\my libraries\solutions\block_menu\include\menuitems\imageitem.cpp(3): error C2059: syntax error: ':'
g:\code libraries\my libraries\solutions\block_menu\include\menuitems\imageitem.cpp(4): error C2448: 'MenuItem': function-style initializer appears to be a function definition
g:\code libraries\my libraries\solutions\block_menu\include\menuitems\imageitem.cpp(7): error C2825: 'ImageItem': must be a class or namespace when followed by '::'
g:\code libraries\my libraries\solutions\block_menu\include\menuitems\imageitem.cpp(7): error C2510: 'ImageItem': left of '::' must be a class/struct/union
g:\code libraries\my libraries\solutions\block_menu\include\menuitems\imageitem.cpp(8): error C4430: missing type specifier - int assumed. Note: C++ does not support default-int
g:\code libraries\my libraries\solutions\block_menu\include\menuitems\imageitem.cpp(9): warning C4508: '{dtor}': function should return a value; 'void' return type assumed
g:\code libraries\my libraries\solutions\block_menu\include\menuitems\imageitem.cpp(11): error C2825: 'ImageItem': must be a class or namespace when followed by '::'
g:\code libraries\my libraries\solutions\block_menu\include\menuitems\imageitem.cpp(11): error C2510: 'ImageItem': left of '::' must be a class/struct/union
g:\code libraries\my libraries\solutions\block_menu\include\menuitems\imageitem.cpp(13): error C2065: 'm_Shader': undeclared identifier
g:\code libraries\my libraries\solutions\block_menu\include\menuitems\imageitem.cpp(13): error C2227: left of '->Use' must point to class/struct/union/generic type
  g:\code libraries\my libraries\solutions\block_menu\include\menuitems\imageitem.cpp(13): note: type is 'unknown-type'
g:\code libraries\my libraries\solutions\block_menu\include\menuitems\imageitem.cpp(14): error C2065: 'm_Shader': undeclared identifier
g:\code libraries\my libraries\solutions\block_menu\include\menuitems\imageitem.cpp(14): error C2227: left of '->SetUniformMat4' must point to class/struct/union/generic type
  g:\code libraries\my libraries\solutions\block_menu\include\menuitems\imageitem.cpp(14): note: type is 'unknown-type'
g:\code libraries\my libraries\solutions\block_menu\include\menuitems\imageitem.cpp(14): error C2653: 'glm': is not a class or namespace name
g:\code libraries\my libraries\solutions\block_menu\include\menuitems\imageitem.cpp(14): error C2065: 'm_Transform': undeclared identifier
g:\code libraries\my libraries\solutions\block_menu\include\menuitems\imageitem.cpp(14): error C3861: 'value_ptr': identifier not found
g:\code libraries\my libraries\solutions\block_menu\include\menuitems\imageitem.cpp(15): error C2065: 'm_Shader': undeclared identifier
g:\code libraries\my libraries\solutions\block_menu\include\menuitems\imageitem.cpp(15): error C2227: left of '->SetupTextures' must point to class/struct/union/generic type
  g:\code libraries\my libraries\solutions\block_menu\include\menuitems\imageitem.cpp(15): note: type is 'unknown-type'
g:\code libraries\my libraries\solutions\block_menu\include\menuitems\imageitem.cpp(15): error C2065: 'm_TextureID': undeclared identifier
g:\code libraries\my libraries\solutions\block_menu\include\menuitems\imageitem.cpp(16): error C2065: 'm_Mesh': undeclared identifier
g:\code libraries\my libraries\solutions\block_menu\include\menuitems\imageitem.cpp(16): error C2227: left of '->Draw' must point to class/struct/union/generic type
  g:\code libraries\my libraries\solutions\block_menu\include\menuitems\imageitem.cpp(16): note: type is 'unknown-type'
g:\code libraries\my libraries\solutions\block_menu\include\menuitems\imageitem.cpp(19): error C2825: 'ImageItem': must be a class or namespace when followed by '::'
g:\code libraries\my libraries\solutions\block_menu\include\menuitems\imageitem.cpp(19): error C2510: 'ImageItem': left of '::' must be a class/struct/union
  AddItem.cpp
g:\code libraries\my libraries\solutions\block_menu\include\menuitems\additem.cpp(3): error C2653: 'AddButton': is not a class or namespace name
g:\code libraries\my libraries\solutions\block_menu\include\menuitems\additem.cpp(3): error C2065: 'Mesh': undeclared identifier
g:\code libraries\my libraries\solutions\block_menu\include\menuitems\additem.cpp(3): error C2065: 'mesh': undeclared identifier
g:\code libraries\my libraries\solutions\block_menu\include\menuitems\additem.cpp(3): error C4430: missing type specifier - int assumed. Note: C++ does not support default-int
g:\code libraries\my libraries\solutions\block_menu\include\menuitems\additem.cpp(3): error C2448: 'AddButton': function-style initializer appears to be a function definition
g:\code libraries\my libraries\solutions\block_menu\include\menuitems\additem.cpp(3): error C2059: syntax error: ':'
g:\code libraries\my libraries\solutions\block_menu\include\menuitems\additem.cpp(4): error C2448: 'MenuItem': function-style initializer appears to be a function definition
g:\code libraries\my libraries\solutions\block_menu\include\menuitems\additem.cpp(7): error C2825: 'AddButton': must be a class or namespace when followed by '::'
g:\code libraries\my libraries\solutions\block_menu\include\menuitems\additem.cpp(7): error C2510: 'AddButton': left of '::' must be a class/struct/union
g:\code libraries\my libraries\solutions\block_menu\include\menuitems\additem.cpp(8): error C4430: missing type specifier - int assumed. Note: C++ does not support default-int
g:\code libraries\my libraries\solutions\block_menu\include\menuitems\additem.cpp(9): error C2065: 'item': undeclared identifier
g:\code libraries\my libraries\solutions\block_menu\include\menuitems\additem.cpp(9): error C2061: syntax error: identifier 'MenuItem'
g:\code libraries\my libraries\solutions\block_menu\include\menuitems\additem.cpp(10): error C2065: 'item': undeclared identifier
g:\code libraries\my libraries\solutions\block_menu\include\menuitems\additem.cpp(10): error C2227: left of '->SetMesh' must point to class/struct/union/generic type
  g:\code libraries\my libraries\solutions\block_menu\include\menuitems\additem.cpp(10): note: type is 'unknown-type'
g:\code libraries\my libraries\solutions\block_menu\include\menuitems\additem.cpp(10): error C2065: 'm_Mesh': undeclared identifier
g:\code libraries\my libraries\solutions\block_menu\include\menuitems\additem.cpp(11): error C2065: 'item': undeclared identifier
g:\code libraries\my libraries\solutions\block_menu\include\menuitems\additem.cpp(11): error C2227: left of '->SetParentWindow' must point to class/struct/union/generic type
  g:\code libraries\my libraries\solutions\block_menu\include\menuitems\additem.cpp(11): note: type is 'unknown-type'
g:\code libraries\my libraries\solutions\block_menu\include\menuitems\additem.cpp(11): error C2065: 'm_ParentWindow': undeclared identifier
g:\code libraries\my libraries\solutions\block_menu\include\menuitems\additem.cpp(13): error C2065: 'm_ParentWindow': undeclared identifier
g:\code libraries\my libraries\solutions\block_menu\include\menuitems\additem.cpp(13): error C2227: left of '->SetDimensions' must point to class/struct/union/generic type
  g:\code libraries\my libraries\solutions\block_menu\include\menuitems\additem.cpp(13): note: type is 'unknown-type'
g:\code libraries\my libraries\solutions\block_menu\include\menuitems\additem.cpp(14): error C2065: 'm_ParentWindow': undeclared identifier
g:\code libraries\my libraries\solutions\block_menu\include\menuitems\additem.cpp(14): error C2227: left of '->AddItem' must point to class/struct/union/generic type
  g:\code libraries\my libraries\solutions\block_menu\include\menuitems\additem.cpp(14): note: type is 'unknown-type'
g:\code libraries\my libraries\solutions\block_menu\include\menuitems\additem.cpp(14): error C2065: 'item': undeclared identifier
g:\code libraries\my libraries\solutions\block_menu\include\menuitems\additem.cpp(15): error C2065: 'm_ParentWindow': undeclared identifier
g:\code libraries\my libraries\solutions\block_menu\include\menuitems\additem.cpp(15): error C2227: left of '->UpdateItems' must point to class/struct/union/generic type
  g:\code libraries\my libraries\solutions\block_menu\include\menuitems\additem.cpp(15): note: type is 'unknown-type'
g:\code libraries\my libraries\solutions\block_menu\include\menuitems\additem.cpp(17): warning C4508: '{dtor}': function should return a value; 'void' return type assumed
g:\code libraries\my libraries\solutions\block_menu\include\menuitems\additem.cpp(19): error C2825: 'AddButton': must be a class or namespace when followed by '::'
g:\code libraries\my libraries\solutions\block_menu\include\menuitems\additem.cpp(19): error C2510: 'AddButton': left of '::' must be a class/struct/union
g:\code libraries\my libraries\solutions\block_menu\include\menuitems\additem.cpp(21): error C2065: 'm_Shader': undeclared identifier
g:\code libraries\my libraries\solutions\block_menu\include\menuitems\additem.cpp(21): error C2227: left of '->Use' must point to class/struct/union/generic type
  g:\code libraries\my libraries\solutions\block_menu\include\menuitems\additem.cpp(21): note: type is 'unknown-type'
g:\code libraries\my libraries\solutions\block_menu\include\menuitems\additem.cpp(22): error C2065: 'm_Shader': undeclared identifier
g:\code libraries\my libraries\solutions\block_menu\include\menuitems\additem.cpp(22): error C2227: left of '->SetUniformMat4' must point to class/struct/union/generic type
  g:\code libraries\my libraries\solutions\block_menu\include\menuitems\additem.cpp(22): note: type is 'unknown-type'
g:\code libraries\my libraries\solutions\block_menu\include\menuitems\additem.cpp(22): error C2653: 'glm': is not a class or namespace name
g:\code libraries\my libraries\solutions\block_menu\include\menuitems\additem.cpp(22): error C2065: 'm_Transform': undeclared identifier
g:\code libraries\my libraries\solutions\block_menu\include\menuitems\additem.cpp(22): error C3861: 'value_ptr': identifier not found
g:\code libraries\my libraries\solutions\block_menu\include\menuitems\additem.cpp(23): error C2065: 'm_Shader': undeclared identifier
g:\code libraries\my libraries\solutions\block_menu\include\menuitems\additem.cpp(23): error C2227: left of '->SetUniformFloat4' must point to class/struct/union/generic type
  g:\code libraries\my libraries\solutions\block_menu\include\menuitems\additem.cpp(23): note: type is 'unknown-type'
g:\code libraries\my libraries\solutions\block_menu\include\menuitems\additem.cpp(23): error C2065: 'm_Color': undeclared identifier
g:\code libraries\my libraries\solutions\block_menu\include\menuitems\additem.cpp(23): error C2228: left of '.x' must have class/struct/union
  g:\code libraries\my libraries\solutions\block_menu\include\menuitems\additem.cpp(23): note: type is 'unknown-type'
g:\code libraries\my libraries\solutions\block_menu\include\menuitems\additem.cpp(23): error C2228: left of '.y' must have class/struct/union
  g:\code libraries\my libraries\solutions\block_menu\include\menuitems\additem.cpp(23): note: type is 'unknown-type'
g:\code libraries\my libraries\solutions\block_menu\include\menuitems\additem.cpp(23): error C2228: left of '.z' must have class/struct/union
  g:\code libraries\my libraries\solutions\block_menu\include\menuitems\additem.cpp(23): note: type is 'unknown-type'
g:\code libraries\my libraries\solutions\block_menu\include\menuitems\additem.cpp(23): error C2228: left of '.w' must have class/struct/union
  g:\code libraries\my libraries\solutions\block_menu\include\menuitems\additem.cpp(23): note: type is 'unknown-type'
g:\code libraries\my libraries\solutions\block_menu\include\menuitems\additem.cpp(24): error C2065: 'm_Mesh': undeclared identifier
g:\code libraries\my libraries\solutions\block_menu\include\menuitems\additem.cpp(24): error C2227: left of '->Draw' must point to class/struct/union/generic type
  g:\code libraries\my libraries\solutions\block_menu\include\menuitems\additem.cpp(24): note: type is 'unknown-type'
g:\code libraries\my libraries\solutions\block_menu\include\menuitems\additem.cpp(27): error C2825: 'AddButton': must be a class or namespace when followed by '::'
g:\code libraries\my libraries\solutions\block_menu\include\menuitems\additem.cpp(27): error C2510: 'AddButton': left of '::' must be a class/struct/union
g:\code libraries\my libraries\solutions\block_menu\include\menuitems\additem.cpp(30): error C2065: 'item': undeclared identifier
g:\code libraries\my libraries\solutions\block_menu\include\menuitems\additem.cpp(30): error C2061: syntax error: identifier 'MenuItem'
g:\code libraries\my libraries\solutions\block_menu\include\menuitems\additem.cpp(31): error C2065: 'item': undeclared identifier
g:\code libraries\my libraries\solutions\block_menu\include\menuitems\additem.cpp(31): error C2227: left of '->SetMesh' must point to class/struct/union/generic type
  g:\code libraries\my libraries\solutions\block_menu\include\menuitems\additem.cpp(31): note: type is 'unknown-type'
g:\code libraries\my libraries\solutions\block_menu\include\menuitems\additem.cpp(31): error C2065: 'm_Mesh': undeclared identifier
g:\code libraries\my libraries\solutions\block_menu\include\menuitems\additem.cpp(32): error C2065: 'item': undeclared identifier
g:\code libraries\my libraries\solutions\block_menu\include\menuitems\additem.cpp(32): error C2227: left of '->SetParentWindow' must point to class/struct/union/generic type
  g:\code libraries\my libraries\solutions\block_menu\include\menuitems\additem.cpp(32): note: type is 'unknown-type'
g:\code libraries\my libraries\solutions\block_menu\include\menuitems\additem.cpp(32): error C2065: 'm_ParentWindow': undeclared identifier
g:\code libraries\my libraries\solutions\block_menu\include\menuitems\additem.cpp(34): error C2065: 'm_ParentWindow': undeclared identifier
g:\code libraries\my libraries\solutions\block_menu\include\menuitems\additem.cpp(34): error C2227: left of '->AddItem' must point to class/struct/union/generic type
  g:\code libraries\my libraries\solutions\block_menu\include\menuitems\additem.cpp(34): note: type is 'unknown-type'
g:\code libraries\my libraries\solutions\block_menu\include\menuitems\additem.cpp(34): error C2065: 'item': undeclared identifier
g:\code libraries\my libraries\solutions\block_menu\include\menuitems\additem.cpp(35): error C2065: 'm_ParentWindow': undeclared identifier
g:\code libraries\my libraries\solutions\block_menu\include\menuitems\additem.cpp(35): error C2227: left of '->UpdateItems' must point to class/struct/union/generic type
  g:\code libraries\my libraries\solutions\block_menu\include\menuitems\additem.cpp(35): note: type is 'unknown-type'
  Generating Code...
