g:\code libraries\my libraries\solutions\easyxinput\easyxinput\debug\easyxinput.pch
g:\code libraries\my libraries\solutions\easyxinput\easyxinput\debug\vc141.pdb
g:\code libraries\my libraries\solutions\easyxinput\easyxinput\debug\vc141.idb
g:\code libraries\my libraries\solutions\easyxinput\easyxinput\debug\stdafx.obj
g:\code libraries\my libraries\solutions\easyxinput\easyxinput\debug\dllmain.obj
g:\code libraries\my libraries\solutions\easyxinput\easyxinput\debug\easyxinput.obj
g:\code libraries\my libraries\solutions\easyxinput\easyxinput\debug\vector.obj
g:\code libraries\my libraries\solutions\easyxinput\easyxinput\debug\xinputinterface.obj
c:\users\aaron appel\desktop\blue_box\easyxinput.lib
c:\users\aaron appel\desktop\blue_box\easyxinput.exp
c:\users\aaron appel\desktop\blue_box\easyxinput.ilk
c:\users\aaron appel\desktop\blue_box\easyxinput.dll
c:\users\aaron appel\desktop\blue_box\easyxinput.pdb
g:\code libraries\my libraries\solutions\easyxinput\easyxinput\debug\easyxinput.tlog\cl.command.1.tlog
g:\code libraries\my libraries\solutions\easyxinput\easyxinput\debug\easyxinput.tlog\cl.read.1.tlog
g:\code libraries\my libraries\solutions\easyxinput\easyxinput\debug\easyxinput.tlog\cl.write.1.tlog
g:\code libraries\my libraries\solutions\easyxinput\easyxinput\debug\easyxinput.tlog\easyxinput.write.1u.tlog
g:\code libraries\my libraries\solutions\easyxinput\easyxinput\debug\easyxinput.tlog\link.command.1.tlog
g:\code libraries\my libraries\solutions\easyxinput\easyxinput\debug\easyxinput.tlog\link.read.1.tlog
g:\code libraries\my libraries\solutions\easyxinput\easyxinput\debug\easyxinput.tlog\link.write.1.tlog
